<?xml version="1.0" encoding="UTF-8"?>
<!-- Generated by org.testng.reporters.JUnitReportReporter -->
<testsuite hostname="DESKTOP-40TRC32" failures="0" tests="1" name="com.fb.qa.testcases.SignUpTest" time="14.298" errors="0" timestamp="2022-12-20T13:22:23 IST" skipped="0">
  <testcase classname="com.fb.qa.testcases.SignUpTest" name="signUp" time="14.298"/>
  <system-out/>
</testsuite> <!-- com.fb.qa.testcases.SignUpTest -->
